\BOOKMARK [1][-]{section.1}{\376\377\000A\000b\000s\000t\000r\000a\000c\000t}{}% 1
\BOOKMARK [1][-]{section.2}{\376\377\000I\000n\000t\000r\000o\000d\000u\000c\000c\000i\000\363\000n\000\040\000a\000\040\000l\000a\000\040\000G\000a\000m\000e\000b\000o\000y\000\040\000C\000l\000a\000s\000s\000i\000c\000\040\000\050\000D\000M\000G\000\051}{}% 2
\BOOKMARK [2][-]{subsection.2.1}{\376\377\000C\000o\000n\000t\000e\000x\000t\000o\000\040\000h\000i\000s\000t\000\363\000r\000i\000c\000o}{section.2}% 3
\BOOKMARK [2][-]{subsection.2.2}{\376\377\000C\000a\000r\000a\000c\000t\000e\000r\000\355\000s\000t\000i\000c\000a\000s}{section.2}% 4
\BOOKMARK [2][-]{subsection.2.3}{\376\377\000A\000r\000q\000u\000i\000t\000e\000c\000t\000u\000r\000a}{section.2}% 5
\BOOKMARK [2][-]{subsection.2.4}{\376\377\000P\000a\000r\000t\000i\000c\000u\000l\000a\000r\000i\000d\000a\000d\000e\000s\000\040\000d\000e\000l\000\040\000h\000a\000r\000d\000w\000a\000r\000e}{section.2}% 6
\BOOKMARK [3][-]{subsubsection.2.4.1}{\376\377\000T\000r\000a\000n\000s\000f\000e\000r\000e\000n\000c\000i\000a\000s\000\040\000D\000M\000A}{subsection.2.4}% 7
\BOOKMARK [2][-]{subsection.2.5}{\376\377\000E\000n\000t\000o\000r\000n\000o\000\040\000d\000e\000\040\000t\000r\000a\000b\000a\000j\000o\000\040\000y\000\040\000l\000i\000m\000i\000t\000a\000c\000i\000o\000n\000e\000s\000\040\000t\000\351\000c\000n\000i\000c\000a\000s}{section.2}% 8
\BOOKMARK [1][-]{section.3}{\376\377\000V\000i\000d\000e\000o\000j\000u\000e\000g\000o\000\040\000p\000l\000a\000n\000t\000e\000a\000d\000o}{}% 9
\BOOKMARK [2][-]{subsection.3.1}{\376\377\000C\000o\000n\000c\000e\000p\000t\000o\000\040\000e\000\040\000i\000n\000f\000l\000u\000e\000n\000c\000i\000a\000s}{section.3}% 10
\BOOKMARK [2][-]{subsection.3.2}{\376\377\000P\000l\000a\000n\000t\000e\000a\000m\000i\000e\000n\000t\000o\000\040\000d\000e\000\040\000l\000o\000s\000\040\000r\000e\000q\000u\000i\000s\000i\000t\000o\000s\000\040\000a\000\040\000c\000u\000m\000p\000l\000i\000r}{section.3}% 11
\BOOKMARK [2][-]{subsection.3.3}{\376\377\000E\000x\000t\000r\000a\000:\000\040\000P\000r\000e\000s\000e\000n\000t\000a\000c\000i\000\363\000n\000\040\000d\000e\000l\000\040\000a\000r\000t\000e}{section.3}% 12
\BOOKMARK [1][-]{section.4}{\376\377\000I\000m\000p\000l\000e\000m\000e\000n\000t\000a\000c\000i\000\363\000n\000\040\000y\000\040\000o\000p\000t\000i\000m\000i\000z\000a\000c\000i\000o\000n\000e\000s}{}% 13
\BOOKMARK [2][-]{subsection.4.1}{\376\377\000P\000l\000a\000n\000t\000e\000a\000m\000i\000e\000n\000t\000o\000\040\000g\000e\000n\000e\000r\000a\000l\000\040\000d\000e\000l\000\040\000o\000b\000j\000e\000t\000i\000v\000o\000\040\000a\000\040\000c\000o\000n\000s\000e\000g\000u\000i\000r}{section.4}% 14
\BOOKMARK [2][-]{subsection.4.2}{\376\377\000T\000\351\000c\000n\000i\000c\000a\000s\000\040\000c\000o\000m\000u\000n\000e\000s\000\040\000p\000a\000r\000a\000\040\000l\000a\000\040\000r\000e\000d\000u\000c\000c\000i\000\363\000n\000\040\000d\000e\000\040\000m\000e\000m\000o\000r\000i\000a\000\040\000R\000O\000M}{section.4}% 15
\BOOKMARK [3][-]{subsubsection.4.2.1}{\376\377\000M\000e\000t\000a\000s\000p\000r\000i\000t\000i\000n\000g}{subsection.4.2}% 16
\BOOKMARK [3][-]{subsubsection.4.2.2}{\376\377\000S\000p\000r\000i\000t\000e\000\040\000t\000i\000l\000e\000\040\000o\000p\000t\000i\000m\000i\000z\000a\000t\000i\000o\000n}{subsection.4.2}% 17
\BOOKMARK [3][-]{subsubsection.4.2.3}{\376\377\000M\000e\000t\000a\000t\000i\000l\000i\000n\000g}{subsection.4.2}% 18
\BOOKMARK [2][-]{subsection.4.3}{\376\377\000T\000\351\000c\000n\000i\000c\000a\000s\000\040\000p\000a\000r\000a\000\040\000e\000l\000\040\000p\000r\000o\000c\000e\000s\000a\000m\000i\000e\000n\000t\000o\000\040\000a\000v\000a\000n\000z\000a\000d\000o}{section.4}% 19
\BOOKMARK [3][-]{subsubsection.4.3.1}{\376\377\000S\000h\000a\000d\000o\000w\000O\000A\000M\000\040\000y\000\040\000D\000M\000A}{subsection.4.3}% 20
\BOOKMARK [3][-]{subsubsection.4.3.2}{\376\377\000E\000n\000t\000e\000r\000o\000s\000\040\000d\000e\000\040\000p\000u\000n\000t\000o\000\040\000f\000i\000j\000o\000\040\000y\000\040\000S\000u\000b\000p\000i\000x\000e\000l\000\040\000m\000o\000v\000e\000m\000e\000n\000t}{subsection.4.3}% 21
\BOOKMARK [3][-]{subsubsection.4.3.3}{\376\377\000T\000a\000b\000l\000a\000s\000\040\000d\000e\000\040\000c\000o\000n\000s\000u\000l\000t\000a\000\040\000d\000e\000\040\000t\000r\000i\000g\000o\000n\000o\000m\000e\000t\000r\000\355\000a\000\040\000y\000\040\000m\000o\000t\000o\000r\000\040\000d\000e\000\040\000f\000\355\000s\000i\000c\000a\000s}{subsection.4.3}% 22
\BOOKMARK [3][-]{subsubsection.4.3.4}{\376\377\000G\000e\000n\000e\000r\000a\000c\000i\000\363\000n\000\040\000p\000r\000o\000c\000e\000d\000u\000r\000a\000l\000\040\000m\000a\000p\000a\000s}{subsection.4.3}% 23
\BOOKMARK [1][-]{section.5}{\376\377\000C\000o\000n\000c\000l\000u\000s\000i\000o\000n\000e\000s\000\040\000f\000i\000n\000a\000l\000e\000s}{}% 24
\BOOKMARK [1][-]{section.6}{\376\377\000B\000i\000b\000l\000i\000o\000g\000r\000a\000f\000\355\000a}{}% 25
